C:\Users\afeka.ACADEMIC\Desktop\KMeansCuda CUDA Project\x64\Debug\cl.command.1.tlog
C:\Users\afeka.ACADEMIC\Desktop\KMeansCuda CUDA Project\x64\Debug\CL.read.1.tlog
C:\Users\afeka.ACADEMIC\Desktop\KMeansCuda CUDA Project\x64\Debug\CL.write.1.tlog
C:\Users\afeka.ACADEMIC\Desktop\KMeansCuda CUDA Project\x64\Debug\kernel.cu.cache
C:\Users\afeka.ACADEMIC\Desktop\KMeansCuda CUDA Project\x64\Debug\kernel.cu.obj
C:\USERS\AFEKA.ACADEMIC\DESKTOP\KMEANSCUDA CUDA PROJECT\X64\DEBUG\KMEANSCUDA CUDA PROJECT.EXE
C:\USERS\AFEKA.ACADEMIC\DESKTOP\KMEANSCUDA CUDA PROJECT\X64\DEBUG\KMEANSCUDA CUDA PROJECT.EXE.EMBED.MANIFEST
C:\USERS\AFEKA.ACADEMIC\DESKTOP\KMEANSCUDA CUDA PROJECT\X64\DEBUG\KMEANSCUDA CUDA PROJECT.EXE.EMBED.MANIFEST.RES
C:\USERS\AFEKA.ACADEMIC\DESKTOP\KMEANSCUDA CUDA PROJECT\X64\DEBUG\KMEANSCUDA CUDA PROJECT.EXE.INTERMEDIATE.MANIFEST
C:\USERS\AFEKA.ACADEMIC\DESKTOP\KMEANSCUDA CUDA PROJECT\X64\DEBUG\KMEANSCUDA CUDA PROJECT.ILK
C:\USERS\AFEKA.ACADEMIC\DESKTOP\KMEANSCUDA CUDA PROJECT\X64\DEBUG\KMEANSCUDA CUDA PROJECT.PDB
C:\Users\afeka.ACADEMIC\Desktop\KMeansCuda CUDA Project\x64\Debug\KMeansCuda CUDA project.write.1.tlog
C:\Users\afeka.ACADEMIC\Desktop\KMeansCuda CUDA Project\x64\Debug\KMeansCuda CUDA project_manifest.rc
C:\Users\afeka.ACADEMIC\Desktop\KMeansCuda CUDA Project\x64\Debug\KMeansCuda.vcxprojResolveAssemblyReference.cache
C:\Users\afeka.ACADEMIC\Desktop\KMeansCuda CUDA Project\x64\Debug\link.1528.read.1.tlog
C:\Users\afeka.ACADEMIC\Desktop\KMeansCuda CUDA Project\x64\Debug\link.1528.write.1.tlog
C:\Users\afeka.ACADEMIC\Desktop\KMeansCuda CUDA Project\x64\Debug\link.1528-cvtres.read.1.tlog
C:\Users\afeka.ACADEMIC\Desktop\KMeansCuda CUDA Project\x64\Debug\link.1528-cvtres.write.1.tlog
C:\Users\afeka.ACADEMIC\Desktop\KMeansCuda CUDA Project\x64\Debug\link.2552.read.1.tlog
C:\Users\afeka.ACADEMIC\Desktop\KMeansCuda CUDA Project\x64\Debug\link.2552.write.1.tlog
C:\Users\afeka.ACADEMIC\Desktop\KMeansCuda CUDA Project\x64\Debug\link.2552-cvtres.read.1.tlog
C:\Users\afeka.ACADEMIC\Desktop\KMeansCuda CUDA Project\x64\Debug\link.2552-cvtres.write.1.tlog
C:\Users\afeka.ACADEMIC\Desktop\KMeansCuda CUDA Project\x64\Debug\link.command.1.tlog
C:\Users\afeka.ACADEMIC\Desktop\KMeansCuda CUDA Project\x64\Debug\link.read.1.tlog
C:\Users\afeka.ACADEMIC\Desktop\KMeansCuda CUDA Project\x64\Debug\link.write.1.tlog
C:\Users\afeka.ACADEMIC\Desktop\KMeansCuda CUDA Project\x64\Debug\link-cvtres.read.1.tlog
C:\Users\afeka.ACADEMIC\Desktop\KMeansCuda CUDA Project\x64\Debug\link-cvtres.write.1.tlog
C:\USERS\AFEKA.ACADEMIC\DESKTOP\KMEANSCUDA CUDA PROJECT\X64\DEBUG\MAIN.OBJ
C:\Users\afeka.ACADEMIC\Desktop\KMeansCuda CUDA Project\x64\Debug\mt.command.1.tlog
C:\Users\afeka.ACADEMIC\Desktop\KMeansCuda CUDA Project\x64\Debug\mt.read.1.tlog
C:\Users\afeka.ACADEMIC\Desktop\KMeansCuda CUDA Project\x64\Debug\mt.write.1.tlog
C:\Users\afeka.ACADEMIC\Desktop\KMeansCuda CUDA Project\x64\Debug\rc.command.1.tlog
C:\Users\afeka.ACADEMIC\Desktop\KMeansCuda CUDA Project\x64\Debug\rc.read.1.tlog
C:\Users\afeka.ACADEMIC\Desktop\KMeansCuda CUDA Project\x64\Debug\rc.write.1.tlog
C:\Users\afeka.ACADEMIC\Desktop\KMeansCuda CUDA Project\x64\Debug\vc100.idb
C:\USERS\AFEKA.ACADEMIC\DESKTOP\KMEANSCUDA CUDA PROJECT\X64\DEBUG\VC100.PDB
