D:\KMeansWithCuda\KMeansCuda\Debug\cl.command.1.tlog
D:\KMeansWithCuda\KMeansCuda\Debug\CL.read.1.tlog
D:\KMeansWithCuda\KMeansCuda\Debug\CL.write.1.tlog
D:\KMeansWithCuda\KMeansCuda\Debug\kernel.cu.cache
D:\KMeansWithCuda\KMeansCuda\Debug\kernel.cu.obj
D:\KMeansWithCuda\KMeansCuda\Debug\KMeansCuda.exe.embed.manifest
D:\KMEANSWITHCUDA\KMEANSCUDA\DEBUG\KMEANSCUDA.EXE.EMBED.MANIFEST.RES
D:\KMeansWithCuda\KMeansCuda\Debug\KMeansCuda.exe.intermediate.manifest
D:\KMeansWithCuda\KMeansCuda\Debug\KMeansCuda.pdb
D:\KMeansWithCuda\KMeansCuda\Debug\KMeansCuda.vcxprojResolveAssemblyReference.cache
D:\KMeansWithCuda\KMeansCuda\Debug\KMeansCuda.write.1.tlog
D:\KMeansWithCuda\KMeansCuda\Debug\KMeansCuda_manifest.rc
D:\KMeansWithCuda\KMeansCuda\Debug\link.command.1.tlog
D:\KMeansWithCuda\KMeansCuda\Debug\link.read.1.tlog
D:\KMeansWithCuda\KMeansCuda\Debug\link.write.1.tlog
D:\KMeansWithCuda\KMeansCuda\Debug\link-cvtres.read.1.tlog
D:\KMeansWithCuda\KMeansCuda\Debug\link-cvtres.write.1.tlog
D:\KMEANSWITHCUDA\KMEANSCUDA\DEBUG\MAIN.OBJ
D:\KMeansWithCuda\KMeansCuda\Debug\rc.command.1.tlog
D:\KMeansWithCuda\KMeansCuda\Debug\rc.read.1.tlog
D:\KMeansWithCuda\KMeansCuda\Debug\rc.write.1.tlog
D:\KMeansWithCuda\KMeansCuda\Debug\vc100.idb
D:\KMEANSWITHCUDA\KMEANSCUDA\DEBUG\VC100.PDB
