Build started 3/14/2017 5:49:12 PM.
     1>Project "C:\Users\afeka.ACADEMIC\Desktop\KMeansCuda SEQUENTIAL Project\KMeansCuda.vcxproj" on node 2 (build target(s)).
     1>InitializeBuildStatus:
         Creating "x64\Debug\KMeansCuda Sequential.unsuccessfulbuild" because "AlwaysCreate" was specified.
       AddCudaCompileDeps:
       Skipping target "AddCudaCompileDeps" because all output files are up-to-date with respect to the input files.
       AddCudaCompilePropsDeps:
       Skipping target "AddCudaCompilePropsDeps" because all output files are up-to-date with respect to the input files.
       CudaBuild:
       Skipping target "CudaBuild" because all output files are up-to-date with respect to the input files.
       ClCompile:
         All outputs are up-to-date.
       ManifestResourceCompile:
         All outputs are up-to-date.
       Link:
         All outputs are up-to-date.
         KMeansCuda.vcxproj -> C:\Users\afeka.ACADEMIC\Desktop\KMeansCuda SEQUENTIAL Project\x64\Debug\KMeansCuda Sequential.exe
       Manifest:
         All outputs are up-to-date.
       PostBuildEvent:
         echo copy "C:\Program Files\NVIDIA GPU Computing Toolkit\CUDA\v7.0\bin\cudart*.dll" "C:\Users\afeka.ACADEMIC\Desktop\KMeansCuda SEQUENTIAL Project\x64\Debug\"
         copy "C:\Program Files\NVIDIA GPU Computing Toolkit\CUDA\v7.0\bin\cudart*.dll" "C:\Users\afeka.ACADEMIC\Desktop\KMeansCuda SEQUENTIAL Project\x64\Debug\"
         :VCEnd
         copy "C:\Program Files\NVIDIA GPU Computing Toolkit\CUDA\v7.0\bin\cudart*.dll" "C:\Users\afeka.ACADEMIC\Desktop\KMeansCuda SEQUENTIAL Project\x64\Debug\"
         C:\Program Files\NVIDIA GPU Computing Toolkit\CUDA\v7.0\bin\cudart32_70.dll
         C:\Program Files\NVIDIA GPU Computing Toolkit\CUDA\v7.0\bin\cudart64_70.dll
                 2 file(s) copied.
       FinalizeBuildStatus:
         Deleting file "x64\Debug\KMeansCuda Sequential.unsuccessfulbuild".
         Touching "x64\Debug\KMeansCuda Sequential.lastbuildstate".
     1>Done Building Project "C:\Users\afeka.ACADEMIC\Desktop\KMeansCuda SEQUENTIAL Project\KMeansCuda.vcxproj" (build target(s)).

Build succeeded.

Time Elapsed 00:00:00.08
