D:\KMeansWithCuda\KMeansCuda\x64\Debug\cl.command.1.tlog
D:\KMeansWithCuda\KMeansCuda\x64\Debug\CL.read.1.tlog
D:\KMeansWithCuda\KMeansCuda\x64\Debug\CL.write.1.tlog
D:\KMeansWithCuda\KMeansCuda\x64\Debug\kernel.cu.cache
D:\KMeansWithCuda\KMeansCuda\x64\Debug\kernel.cu.obj
D:\KMEANSWITHCUDA\KMEANSCUDA\X64\DEBUG\KMEANSCUDA.EXE
D:\KMEANSWITHCUDA\KMEANSCUDA\X64\DEBUG\KMEANSCUDA.EXE.EMBED.MANIFEST
D:\KMEANSWITHCUDA\KMEANSCUDA\X64\DEBUG\KMEANSCUDA.EXE.EMBED.MANIFEST.RES
D:\KMEANSWITHCUDA\KMEANSCUDA\X64\DEBUG\KMEANSCUDA.EXE.INTERMEDIATE.MANIFEST
D:\KMEANSWITHCUDA\KMEANSCUDA\X64\DEBUG\KMEANSCUDA.ILK
D:\KMEANSWITHCUDA\KMEANSCUDA\X64\DEBUG\KMEANSCUDA.PDB
D:\KMeansWithCuda\KMeansCuda\x64\Debug\KMeansCuda.vcxprojResolveAssemblyReference.cache
D:\KMeansWithCuda\KMeansCuda\x64\Debug\KMeansCuda.write.1.tlog
D:\KMeansWithCuda\KMeansCuda\x64\Debug\KMeansCuda_manifest.rc
D:\KMeansWithCuda\KMeansCuda\x64\Debug\link.2800.read.1.tlog
D:\KMeansWithCuda\KMeansCuda\x64\Debug\link.2800.write.1.tlog
D:\KMeansWithCuda\KMeansCuda\x64\Debug\link.2800-cvtres.read.1.tlog
D:\KMeansWithCuda\KMeansCuda\x64\Debug\link.2800-cvtres.write.1.tlog
D:\KMeansWithCuda\KMeansCuda\x64\Debug\link.6720.read.1.tlog
D:\KMeansWithCuda\KMeansCuda\x64\Debug\link.6720.write.1.tlog
D:\KMeansWithCuda\KMeansCuda\x64\Debug\link.6720-cvtres.read.1.tlog
D:\KMeansWithCuda\KMeansCuda\x64\Debug\link.6720-cvtres.write.1.tlog
D:\KMeansWithCuda\KMeansCuda\x64\Debug\link.6840.read.1.tlog
D:\KMeansWithCuda\KMeansCuda\x64\Debug\link.6840.write.1.tlog
D:\KMeansWithCuda\KMeansCuda\x64\Debug\link.6840-cvtres.read.1.tlog
D:\KMeansWithCuda\KMeansCuda\x64\Debug\link.6840-cvtres.write.1.tlog
D:\KMeansWithCuda\KMeansCuda\x64\Debug\link.8528.read.1.tlog
D:\KMeansWithCuda\KMeansCuda\x64\Debug\link.8528.write.1.tlog
D:\KMeansWithCuda\KMeansCuda\x64\Debug\link.8528-cvtres.read.1.tlog
D:\KMeansWithCuda\KMeansCuda\x64\Debug\link.8528-cvtres.write.1.tlog
D:\KMeansWithCuda\KMeansCuda\x64\Debug\link.8872.read.1.tlog
D:\KMeansWithCuda\KMeansCuda\x64\Debug\link.8872.write.1.tlog
D:\KMeansWithCuda\KMeansCuda\x64\Debug\link.8872-cvtres.read.1.tlog
D:\KMeansWithCuda\KMeansCuda\x64\Debug\link.8872-cvtres.write.1.tlog
D:\KMeansWithCuda\KMeansCuda\x64\Debug\link.8920.read.1.tlog
D:\KMeansWithCuda\KMeansCuda\x64\Debug\link.8920.write.1.tlog
D:\KMeansWithCuda\KMeansCuda\x64\Debug\link.8920-cvtres.read.1.tlog
D:\KMeansWithCuda\KMeansCuda\x64\Debug\link.8920-cvtres.write.1.tlog
D:\KMeansWithCuda\KMeansCuda\x64\Debug\link.command.1.tlog
D:\KMeansWithCuda\KMeansCuda\x64\Debug\link.read.1.tlog
D:\KMeansWithCuda\KMeansCuda\x64\Debug\link.write.1.tlog
D:\KMeansWithCuda\KMeansCuda\x64\Debug\link-cvtres.read.1.tlog
D:\KMeansWithCuda\KMeansCuda\x64\Debug\link-cvtres.write.1.tlog
D:\KMEANSWITHCUDA\KMEANSCUDA\X64\DEBUG\MAIN.OBJ
D:\KMeansWithCuda\KMeansCuda\x64\Debug\mt.command.1.tlog
D:\KMeansWithCuda\KMeansCuda\x64\Debug\mt.read.1.tlog
D:\KMeansWithCuda\KMeansCuda\x64\Debug\mt.write.1.tlog
D:\KMeansWithCuda\KMeansCuda\x64\Debug\rc.command.1.tlog
D:\KMeansWithCuda\KMeansCuda\x64\Debug\rc.read.1.tlog
D:\KMeansWithCuda\KMeansCuda\x64\Debug\rc.write.1.tlog
D:\KMeansWithCuda\KMeansCuda\x64\Debug\vc100.idb
D:\KMEANSWITHCUDA\KMEANSCUDA\X64\DEBUG\VC100.PDB
F:\PARALLEL SYSTEMS\VERSIONS\09 - WITH CUDA\KMEANSWITHCUDA\KMEANSCUDA\X64\DEBUG\KMEANSCUDA.EXE
F:\PARALLEL SYSTEMS\VERSIONS\09 - WITH CUDA\KMEANSWITHCUDA\KMEANSCUDA\X64\DEBUG\KMEANSCUDA.EXE.EMBED.MANIFEST.RES
F:\PARALLEL SYSTEMS\VERSIONS\09 - WITH CUDA\KMEANSWITHCUDA\KMEANSCUDA\X64\DEBUG\KMEANSCUDA.EXE.INTERMEDIATE.MANIFEST
F:\PARALLEL SYSTEMS\VERSIONS\09 - WITH CUDA\KMEANSWITHCUDA\KMEANSCUDA\X64\DEBUG\KMEANSCUDA.ILK
F:\PARALLEL SYSTEMS\VERSIONS\09 - WITH CUDA\KMEANSWITHCUDA\KMEANSCUDA\X64\DEBUG\KMEANSCUDA.PDB
F:\PARALLEL SYSTEMS\VERSIONS\09 - WITH CUDA\KMEANSWITHCUDA\KMEANSCUDA\X64\DEBUG\MAIN.OBJ
F:\PARALLEL SYSTEMS\VERSIONS\09 - WITH CUDA\KMEANSWITHCUDA\KMEANSCUDA\X64\DEBUG\VC100.PDB
